<?xml version="1.0" encoding="UTF-8"?>
<!-- Generated by org.testng.reporters.JUnitReportReporter -->
<testsuite hostname="LPBLPF2TJJ7D" failures="0" tests="3" name="com.charitableimpact.DashboardPageTest" time="0.011" errors="0" timestamp="2025-07-18T17:02:37 IST" skipped="0">
  <testcase classname="com.charitableimpact.DashboardPageTest" name="testDashboardElement3" time="0.000"/>
  <testcase classname="com.charitableimpact.DashboardPageTest" name="testDashboardElement2" time="0.002"/>
  <testcase classname="com.charitableimpact.DashboardPageTest" name="testDashboardElement1" time="0.009"/>
</testsuite> <!-- com.charitableimpact.DashboardPageTest -->
