<?xml version="1.0" encoding="UTF-8"?>
<!-- Generated by org.testng.reporters.JUnitReportReporter -->
<testsuite hostname="LPBLPF2TJJ7D" failures="0" tests="1" name="com.charitableimpact.LoginPageTest" time="0.001" errors="0" timestamp="2025-07-18T17:02:37 IST" skipped="0">
  <testcase classname="com.charitableimpact.LoginPageTest" name="testLogin" time="0.001"/>
</testsuite> <!-- com.charitableimpact.LoginPageTest -->
