<?xml version="1.0" encoding="UTF-8"?>
<!-- Generated by org.testng.reporters.JUnitReportReporter -->
<testsuite hostname="LPBLPF2TJJ7D" failures="0" tests="1" name="com.charitableimpact.Edit_89ebbTest" time="0.001" errors="0" timestamp="2025-07-09T12:43:14 IST" skipped="0">
  <testcase classname="com.charitableimpact.Edit_89ebbTest" name="testEdit_89ebb" time="0.001"/>
</testsuite> <!-- com.charitableimpact.Edit_89ebbTest -->
