<?xml version="1.0" encoding="UTF-8"?>
<!-- Generated by org.testng.reporters.JUnitReportReporter -->
<testsuite hostname="LPBLPF2TJJ7D" failures="0" tests="1" name="com.charitableimpact.LoginTest" time="0.008" errors="0" timestamp="2025-07-03T15:31:39 IST" skipped="0">
  <testcase classname="com.charitableimpact.LoginTest" name="testLogin" time="0.008"/>
</testsuite> <!-- com.charitableimpact.LoginTest -->
