<?xml version="1.0" encoding="UTF-8"?>
<!-- Generated by org.testng.reporters.JUnitReportReporter -->
<testsuite hostname="LPBLPF2TJJ7D" failures="0" tests="3" name="com.charitableimpact.DashboardTest" time="11.438" errors="0" timestamp="2025-07-18T17:02:37 IST" skipped="0">
  <testcase classname="com.charitableimpact.DashboardTest" name="dashboardTest2" time="2.358"/>
  <testcase classname="com.charitableimpact.DashboardTest" name="dashboardTest1" time="6.731"/>
  <testcase classname="com.charitableimpact.DashboardTest" name="dashboardTest3" time="2.349"/>
</testsuite> <!-- com.charitableimpact.DashboardTest -->
