<?xml version="1.0" encoding="UTF-8"?>
<!-- Generated by org.testng.reporters.JUnitReportReporter -->
<testsuite hostname="LPBLPF2TJJ7D" failures="0" tests="1" name="com.charitableimpact.EditTest" time="0.014" errors="0" timestamp="2025-07-09T12:43:14 IST" skipped="0">
  <testcase classname="com.charitableimpact.EditTest" name="testEdit" time="0.014"/>
</testsuite> <!-- com.charitableimpact.EditTest -->
