<?xml version="1.0" encoding="UTF-8"?>
<!-- Generated by org.testng.reporters.JUnitReportReporter -->
<testsuite hostname="LPBLPF2TJJ7D" failures="0" tests="1" name="com.charitableimpact.TestTest" time="0.112" errors="0" timestamp="2025-07-04T10:32:41 IST" skipped="0">
  <testcase classname="com.charitableimpact.TestTest" name="testTest" time="0.112"/>
</testsuite> <!-- com.charitableimpact.TestTest -->
