<?xml version="1.0" encoding="UTF-8"?>
<!-- Generated by org.testng.reporters.JUnitReportReporter -->
<testsuite hostname="LPBLPF2TJJ7D" failures="0" tests="1" name="com.charitableimpact.LoginTest" time="0.010" errors="0" timestamp="2025-07-02T20:26:07 IST" skipped="0">
  <testcase classname="com.charitableimpact.LoginTest" name="testLogin" time="0.010"/>
</testsuite> <!-- com.charitableimpact.LoginTest -->
